[2026-04-14 16:39:40]  CPU watcher started.
[2026-04-14 16:39:40]    Will kill 'synthetic_exp' if another user runs a process consuming >400% CPU.
[2026-04-14 16:39:40]    Checking every 300s.
[2026-04-14 16:39:41]  OK — heaviest other-user process: 1.0% by rayhan (node)
[2026-04-14 16:44:41]  OK — heaviest other-user process: 0.9% by rayhan (node)
[2026-04-14 16:49:41]  OK — heaviest other-user process: 0.9% by rayhan (node)
[2026-04-14 16:54:41]  OK — heaviest other-user process: 0.9% by rayhan (node)
[2026-04-14 16:59:41]  OK — heaviest other-user process: 0.9% by rayhan (node)
[2026-04-14 17:04:41]  OK — heaviest other-user process: 0.9% by rayhan (node)
[2026-04-14 17:09:41]  OK — heaviest other-user process: 0.9% by rayhan (node)
[2026-04-14 17:14:41]  OK — heaviest other-user process: 0.9% by rayhan (node)
[2026-04-14 17:19:41]  OK — heaviest other-user process: 0.8% by rayhan (node)
[2026-04-14 17:24:41]  OK — heaviest other-user process: 0.8% by rayhan (node)
[2026-04-14 17:29:41]  OK — heaviest other-user process: 0.8% by rayhan (node)
[2026-04-14 17:34:41]  OK — heaviest other-user process: 0.8% by rayhan (node)
[2026-04-14 17:39:41]  OK — heaviest other-user process: 0.8% by rayhan (node)
[2026-04-14 17:44:41]  OK — heaviest other-user process: 0.8% by rayhan (node)
[2026-04-14 17:49:41]  OK — heaviest other-user process: 0.8% by rayhan (node)
[2026-04-14 17:54:41]  OK — heaviest other-user process: 0.8% by rayhan (node)
[2026-04-14 17:59:41]  OK — heaviest other-user process: 0.8% by rayhan (node)
[2026-04-14 18:04:41]  OK — heaviest other-user process: 0.8% by rayhan (node)
[2026-04-14 18:09:41]  OK — heaviest other-user process: 0.7% by rayhan (node)
[2026-04-14 18:14:41]  OK — heaviest other-user process: 0.7% by rayhan (node)
[2026-04-14 18:19:41]  OK — heaviest other-user process: 0.7% by rayhan (node)
[2026-04-14 18:24:41]  OK — heaviest other-user process: 0.7% by rayhan (node)
[2026-04-14 18:29:41]  OK — heaviest other-user process: 0.7% by rayhan (node)
[2026-04-14 18:34:41]  OK — heaviest other-user process: 0.7% by rayhan (node)
[2026-04-14 18:39:42]  OK — heaviest other-user process: 0.7% by rayhan (node)
[2026-04-14 18:44:42]  OK — heaviest other-user process: 0.7% by rayhan (node)
[2026-04-14 18:49:42]  OK — heaviest other-user process: 0.7% by rayhan (node)
[2026-04-14 18:54:42]  OK — heaviest other-user process: 0.7% by rayhan (node)
[2026-04-14 18:59:42]  OK — heaviest other-user process: 0.7% by rayhan (node)
[2026-04-14 19:04:42]  OK — heaviest other-user process: 0.7% by rayhan (node)
[2026-04-14 19:09:42]  OK — heaviest other-user process: 3.9% by lei (node)
[2026-04-14 19:14:42]  OK — heaviest other-user process: 31.4% by lei (cpptools)
[2026-04-14 19:19:42]  OK — heaviest other-user process: 6.1% by lei (cpptools)
[2026-04-14 19:24:42]  OK — heaviest other-user process: 3.4% by lei (cpptools)
[2026-04-14 19:29:42]  OK — heaviest other-user process: 2.9% by lei (node)
[2026-04-14 19:34:42]  OK — heaviest other-user process: 2.4% by lei (node)
[2026-04-14 19:39:42]  OK — heaviest other-user process: 2.2% by lei (node)
[2026-04-14 19:44:42]  OK — heaviest other-user process: 1.9% by lei (node)
[2026-04-14 19:49:42]  OK — heaviest other-user process: 1.8% by lei (node)
[2026-04-14 19:54:42]  OK — heaviest other-user process: 1.7% by lei (node)
[2026-04-14 19:59:42]  OK — heaviest other-user process: 1.5% by lei (node)
[2026-04-14 20:04:42]  OK — heaviest other-user process: 1.4% by lei (node)
[2026-04-14 20:09:42]  OK — heaviest other-user process: 1.3% by lei (node)
[2026-04-14 20:14:42]  OK — heaviest other-user process: 1.2% by lei (node)
[2026-04-14 20:19:42]  OK — heaviest other-user process: 1.1% by lei (node)
[2026-04-14 20:24:42]  OK — heaviest other-user process: 1.1% by lei (node)
[2026-04-14 20:29:42]  OK — heaviest other-user process: 1.1% by lei (node)
[2026-04-14 20:34:43]  OK — heaviest other-user process: 1.0% by lei (node)
[2026-04-14 20:39:43]  OK — heaviest other-user process: 1.0% by lei (node)
[2026-04-14 20:44:43]  OK — heaviest other-user process: 1.0% by lei (node)
[2026-04-14 20:49:43]  OK — heaviest other-user process: 1.0% by lei (node)
[2026-04-14 20:54:43]  OK — heaviest other-user process: 0.9% by rayhan (node)
[2026-04-14 20:59:43]  OK — heaviest other-user process: 0.9% by rayhan (node)
[2026-04-14 21:04:43]  OK — heaviest other-user process: 0.9% by lei (node)
[2026-04-14 21:09:43]  OK — heaviest other-user process: 0.8% by lei (node)
[2026-04-14 21:14:43]  OK — heaviest other-user process: 0.8% by lei (node)
[2026-04-14 21:19:43]  OK — heaviest other-user process: 0.8% by lei (node)
[2026-04-14 21:24:43]  OK — heaviest other-user process: 0.8% by lei (node)
[2026-04-14 21:29:43]  OK — heaviest other-user process: 0.7% by lei (node)
[2026-04-14 21:34:43]  OK — heaviest other-user process: 0.7% by lei (node)
[2026-04-14 21:39:43]  OK — heaviest other-user process: 0.7% by lei (node)
[2026-04-14 21:44:43]  OK — heaviest other-user process: 0.7% by lei (node)
[2026-04-14 21:49:43]  OK — heaviest other-user process: 0.6% by lei (node)
[2026-04-14 21:54:43]  OK — heaviest other-user process: 0.6% by lei (node)
[2026-04-14 21:59:43]  OK — heaviest other-user process: 0.6% by lei (node)
[2026-04-14 22:04:43]  OK — heaviest other-user process: 0.6% by lei (node)
[2026-04-14 22:09:43]  OK — heaviest other-user process: 0.6% by lei (node)
[2026-04-14 22:14:43]  OK — heaviest other-user process: 0.6% by lei (node)
[2026-04-14 22:19:43]  OK — heaviest other-user process: 0.6% by lei (node)
[2026-04-14 22:24:43]  OK — heaviest other-user process: 0.5% by neo4j (java)
[2026-04-14 22:29:44]  OK — heaviest other-user process: 0.5% by neo4j (java)
[2026-04-14 22:34:44]  OK — heaviest other-user process: 0.5% by neo4j (java)
[2026-04-14 22:39:44]  OK — heaviest other-user process: 0.5% by neo4j (java)
[2026-04-14 22:44:44]  OK — heaviest other-user process: 0.5% by neo4j (java)
[2026-04-14 22:49:44]  OK — heaviest other-user process: 0.5% by neo4j (java)
[2026-04-14 22:54:44]  OK — heaviest other-user process: 0.5% by neo4j (java)
[2026-04-14 22:59:44]  OK — heaviest other-user process: 0.5% by neo4j (java)
[2026-04-14 23:04:44]  OK — heaviest other-user process: 0.5% by neo4j (java)
[2026-04-14 23:09:44]  OK — heaviest other-user process: 0.5% by neo4j (java)
[2026-04-14 23:14:44]  OK — heaviest other-user process: 0.5% by neo4j (java)
[2026-04-14 23:19:44]  OK — heaviest other-user process: 0.5% by neo4j (java)
[2026-04-14 23:24:44]  OK — heaviest other-user process: 0.5% by neo4j (java)
[2026-04-14 23:29:44]  OK — heaviest other-user process: 0.5% by neo4j (java)
[2026-04-14 23:34:44]  OK — heaviest other-user process: 0.5% by neo4j (java)
[2026-04-14 23:39:44]  OK — heaviest other-user process: 0.5% by neo4j (java)
[2026-04-14 23:44:44]  OK — heaviest other-user process: 0.5% by neo4j (java)
[2026-04-14 23:49:44]  OK — heaviest other-user process: 0.5% by neo4j (java)
[2026-04-14 23:54:44]  OK — heaviest other-user process: 0.5% by neo4j (java)
[2026-04-14 23:59:44]  OK — heaviest other-user process: 0.5% by neo4j (java)
[2026-04-15 00:04:44]  OK — heaviest other-user process: 0.5% by neo4j (java)
[2026-04-15 00:09:44]  OK — heaviest other-user process: 0.5% by neo4j (java)
[2026-04-15 00:14:44]  OK — heaviest other-user process: 0.5% by neo4j (java)
[2026-04-15 00:19:45]  OK — heaviest other-user process: 0.5% by neo4j (java)
[2026-04-15 00:24:45]  OK — heaviest other-user process: 0.5% by neo4j (java)
[2026-04-15 00:29:45]  OK — heaviest other-user process: 0.5% by neo4j (java)
[2026-04-15 00:34:45]  OK — heaviest other-user process: 0.5% by neo4j (java)
[2026-04-15 00:39:45]  OK — heaviest other-user process: 0.5% by neo4j (java)
[2026-04-15 00:44:45]  OK — heaviest other-user process: 0.5% by neo4j (java)
[2026-04-15 00:49:45]  OK — heaviest other-user process: 0.5% by neo4j (java)
[2026-04-15 00:54:45]  OK — heaviest other-user process: 0.5% by neo4j (java)
[2026-04-15 00:59:45]  OK — heaviest other-user process: 0.5% by neo4j (java)
[2026-04-15 01:04:45]  OK — heaviest other-user process: 0.5% by root (fwupd)
[2026-04-15 01:09:45]  OK — heaviest other-user process: 0.5% by neo4j (java)
[2026-04-15 01:14:45]  OK — heaviest other-user process: 0.5% by neo4j (java)
[2026-04-15 01:19:45]  OK — heaviest other-user process: 0.5% by neo4j (java)
[2026-04-15 01:24:45]  OK — heaviest other-user process: 0.5% by neo4j (java)
[2026-04-15 01:29:45]  OK — heaviest other-user process: 0.5% by neo4j (java)
[2026-04-15 01:34:45]  OK — heaviest other-user process: 0.5% by neo4j (java)
[2026-04-15 01:39:45]  OK — heaviest other-user process: 0.5% by neo4j (java)
[2026-04-15 01:44:45]  OK — heaviest other-user process: 0.5% by neo4j (java)
[2026-04-15 01:49:45]  OK — heaviest other-user process: 0.5% by neo4j (java)
[2026-04-15 01:54:45]  OK — heaviest other-user process: 0.5% by neo4j (java)
[2026-04-15 01:59:45]  OK — heaviest other-user process: 0.5% by neo4j (java)
[2026-04-15 02:04:46]  OK — heaviest other-user process: 0.5% by neo4j (java)
[2026-04-15 02:09:46]  OK — heaviest other-user process: 0.5% by neo4j (java)
[2026-04-15 02:14:46]  OK — heaviest other-user process: 0.5% by neo4j (java)
[2026-04-15 02:19:46]  OK — heaviest other-user process: 0.5% by neo4j (java)
[2026-04-15 02:24:46]  OK — heaviest other-user process: 0.5% by neo4j (java)
[2026-04-15 02:29:46]  OK — heaviest other-user process: 0.5% by neo4j (java)
[2026-04-15 02:34:46]  OK — heaviest other-user process: 0.5% by neo4j (java)
[2026-04-15 02:39:46]  OK — heaviest other-user process: 0.5% by neo4j (java)
[2026-04-15 02:44:46]  OK — heaviest other-user process: 0.5% by neo4j (java)
[2026-04-15 02:49:46]  OK — heaviest other-user process: 0.5% by neo4j (java)
[2026-04-15 02:54:46]  OK — heaviest other-user process: 0.5% by neo4j (java)
[2026-04-15 02:59:46]  OK — heaviest other-user process: 0.5% by neo4j (java)
[2026-04-15 03:04:46]  OK — heaviest other-user process: 0.5% by neo4j (java)
[2026-04-15 03:09:46]  OK — heaviest other-user process: 0.5% by neo4j (java)
[2026-04-15 03:14:46]  OK — heaviest other-user process: 0.5% by neo4j (java)
[2026-04-15 03:19:46]  OK — heaviest other-user process: 0.5% by neo4j (java)
[2026-04-15 03:24:46]  OK — heaviest other-user process: 0.5% by neo4j (java)
[2026-04-15 03:29:46]  OK — heaviest other-user process: 0.5% by neo4j (java)
[2026-04-15 03:34:46]  OK — heaviest other-user process: 0.5% by neo4j (java)
[2026-04-15 03:39:46]  OK — heaviest other-user process: 0.5% by neo4j (java)
[2026-04-15 03:44:46]  OK — heaviest other-user process: 0.5% by neo4j (java)
[2026-04-15 03:49:46]  OK — heaviest other-user process: 0.5% by neo4j (java)
[2026-04-15 03:54:47]  OK — heaviest other-user process: 0.5% by neo4j (java)
[2026-04-15 03:59:47]  OK — heaviest other-user process: 0.5% by neo4j (java)
[2026-04-15 04:04:47]  OK — heaviest other-user process: 0.5% by neo4j (java)
[2026-04-15 04:09:47]  OK — heaviest other-user process: 0.5% by neo4j (java)
[2026-04-15 04:14:47]  OK — heaviest other-user process: 0.5% by neo4j (java)
[2026-04-15 04:19:47]  OK — heaviest other-user process: 0.5% by neo4j (java)
[2026-04-15 04:24:47]  OK — heaviest other-user process: 0.5% by neo4j (java)
[2026-04-15 04:29:47]  OK — heaviest other-user process: 0.5% by neo4j (java)
[2026-04-15 04:34:47]  OK — heaviest other-user process: 0.5% by neo4j (java)
[2026-04-15 04:39:47]  OK — heaviest other-user process: 0.5% by neo4j (java)
[2026-04-15 04:44:47]  OK — heaviest other-user process: 0.5% by neo4j (java)
[2026-04-15 04:49:47]  OK — heaviest other-user process: 0.5% by neo4j (java)
[2026-04-15 04:54:47]  OK — heaviest other-user process: 0.5% by neo4j (java)
[2026-04-15 04:59:47]  OK — heaviest other-user process: 0.5% by neo4j (java)
[2026-04-15 05:04:47]  OK — heaviest other-user process: 0.5% by neo4j (java)
[2026-04-15 05:09:47]  OK — heaviest other-user process: 0.5% by neo4j (java)
[2026-04-15 05:14:47]  OK — heaviest other-user process: 0.5% by neo4j (java)
[2026-04-15 05:19:47]  OK — heaviest other-user process: 0.5% by neo4j (java)
[2026-04-15 05:24:47]  OK — heaviest other-user process: 0.5% by neo4j (java)
[2026-04-15 05:29:47]  OK — heaviest other-user process: 0.5% by neo4j (java)
[2026-04-15 05:34:47]  OK — heaviest other-user process: 0.5% by neo4j (java)
[2026-04-15 05:39:47]  OK — heaviest other-user process: 0.5% by neo4j (java)
[2026-04-15 05:44:48]  OK — heaviest other-user process: 0.5% by neo4j (java)
[2026-04-15 05:49:48]  OK — heaviest other-user process: 0.5% by neo4j (java)
[2026-04-15 05:54:48]  OK — heaviest other-user process: 0.5% by neo4j (java)
[2026-04-15 05:59:48]  OK — heaviest other-user process: 0.5% by neo4j (java)
[2026-04-15 06:04:48]  OK — heaviest other-user process: 0.5% by neo4j (java)
[2026-04-15 06:09:48]  OK — heaviest other-user process: 0.5% by neo4j (java)
[2026-04-15 06:14:48]  OK — heaviest other-user process: 0.5% by neo4j (java)
[2026-04-15 06:19:48]  OK — heaviest other-user process: 0.5% by neo4j (java)
[2026-04-15 06:24:48]  OK — heaviest other-user process: 0.5% by neo4j (java)
[2026-04-15 06:29:48]  OK — heaviest other-user process: 0.5% by neo4j (java)
[2026-04-15 06:34:48]  OK — heaviest other-user process: 0.5% by neo4j (java)
[2026-04-15 06:39:48]  OK — heaviest other-user process: 0.5% by neo4j (java)
[2026-04-15 06:44:48]  OK — heaviest other-user process: 0.7% by root (fwupd)
[2026-04-15 06:49:48]  OK — heaviest other-user process: 0.5% by neo4j (java)
[2026-04-15 06:54:48]  OK — heaviest other-user process: 0.5% by neo4j (java)
[2026-04-15 06:59:48]  OK — heaviest other-user process: 0.5% by neo4j (java)
[2026-04-15 07:04:48]  OK — heaviest other-user process: 0.5% by neo4j (java)
[2026-04-15 07:09:48]  OK — heaviest other-user process: 0.5% by neo4j (java)
[2026-04-15 07:14:48]  OK — heaviest other-user process: 0.5% by neo4j (java)
[2026-04-15 07:19:48]  OK — heaviest other-user process: 0.5% by neo4j (java)
[2026-04-15 07:24:48]  OK — heaviest other-user process: 0.5% by neo4j (java)
[2026-04-15 07:29:48]  OK — heaviest other-user process: 0.5% by neo4j (java)
[2026-04-15 07:34:49]  OK — heaviest other-user process: 0.5% by neo4j (java)
[2026-04-15 07:39:49]  OK — heaviest other-user process: 0.5% by neo4j (java)
[2026-04-15 07:44:49]  OK — heaviest other-user process: 0.5% by neo4j (java)
[2026-04-15 07:49:49]  OK — heaviest other-user process: 0.5% by neo4j (java)
[2026-04-15 07:54:49]  OK — heaviest other-user process: 0.5% by neo4j (java)
[2026-04-15 07:59:49]  OK — heaviest other-user process: 0.5% by neo4j (java)
[2026-04-15 08:04:49]  OK — heaviest other-user process: 0.5% by neo4j (java)
[2026-04-15 08:09:49]  OK — heaviest other-user process: 0.5% by neo4j (java)
[2026-04-15 08:14:49]  OK — heaviest other-user process: 0.5% by neo4j (java)
[2026-04-15 08:19:49]  OK — heaviest other-user process: 0.5% by neo4j (java)
[2026-04-15 08:24:49]  OK — heaviest other-user process: 0.5% by neo4j (java)
[2026-04-15 08:29:49]  OK — heaviest other-user process: 0.5% by neo4j (java)
[2026-04-15 08:34:49]  OK — heaviest other-user process: 0.5% by neo4j (java)
[2026-04-15 08:39:49]  OK — heaviest other-user process: 6.7% by lei (node)
[2026-04-15 08:44:49]  OK — heaviest other-user process: 2.9% by lei (node)
[2026-04-15 08:49:49]  OK — heaviest other-user process: 2.1% by lei (node)
[2026-04-15 08:54:49]  OK — heaviest other-user process: 2.3% by lei (cpptools)
[2026-04-15 08:59:49]  OK — heaviest other-user process: 2.7% by lei (cpptools-srv)
[2026-04-15 09:04:49]  OK — heaviest other-user process: 2.0% by lei (cpptools-srv)
[2026-04-15 09:09:49]  OK — heaviest other-user process: 1.7% by lei (node)
[2026-04-15 09:14:49]  OK — heaviest other-user process: 1.6% by lei (node)
[2026-04-15 09:19:49]  OK — heaviest other-user process: 1.4% by lei (node)
[2026-04-15 09:24:50]  OK — heaviest other-user process: 1.3% by lei (node)
[2026-04-15 09:29:50]  OK — heaviest other-user process: 1.2% by lei (node)
[2026-04-15 09:34:50]  OK — heaviest other-user process: 1.1% by lei (node)
[2026-04-15 09:39:50]  OK — heaviest other-user process: 1.1% by lei (node)
[2026-04-15 09:44:50]  OK — heaviest other-user process: 1.0% by lei (node)
[2026-04-15 09:49:50]  OK — heaviest other-user process: 1.0% by lei (node)
[2026-04-15 09:54:50]  OK — heaviest other-user process: 0.9% by lei (node)
[2026-04-15 09:59:50]  OK — heaviest other-user process: 0.8% by lei (node)
[2026-04-15 10:04:50]  OK — heaviest other-user process: 0.8% by lei (node)
[2026-04-15 10:09:50]  OK — heaviest other-user process: 0.8% by lei (node)
[2026-04-15 10:14:50]  OK — heaviest other-user process: 0.7% by lei (node)
[2026-04-15 10:19:50]  OK — heaviest other-user process: 0.7% by lei (node)
[2026-04-15 10:24:50]  OK — heaviest other-user process: 0.7% by lei (node)
[2026-04-15 10:29:50]  OK — heaviest other-user process: 0.6% by lei (node)
[2026-04-15 10:34:50]  OK — heaviest other-user process: 0.6% by lei (node)
[2026-04-15 10:39:50]  OK — heaviest other-user process: 0.6% by lei (node)
[2026-04-15 10:44:50]  OK — heaviest other-user process: 1.3% by lei (cpptools-srv)
[2026-04-15 10:49:50]  OK — heaviest other-user process: 0.9% by lei (cpptools)
[2026-04-15 10:54:50]  OK — heaviest other-user process: 0.9% by lei (cpptools)
[2026-04-15 10:59:50]  OK — heaviest other-user process: 0.8% by lei (cpptools)
[2026-04-15 11:04:50]  OK — heaviest other-user process: 0.8% by lei (cpptools)
[2026-04-15 11:09:50]  OK — heaviest other-user process: 0.8% by lei (cpptools)
[2026-04-15 11:14:51]  OK — heaviest other-user process: 0.7% by lei (cpptools)
[2026-04-15 11:19:51]  OK — heaviest other-user process: 0.7% by lei (cpptools)
[2026-04-15 11:24:51]  OK — heaviest other-user process: 0.7% by lei (cpptools)
[2026-04-15 11:29:51]  OK — heaviest other-user process: 0.7% by lei (cpptools)
[2026-04-15 11:34:51]  OK — heaviest other-user process: 0.7% by lei (cpptools)
[2026-04-15 11:39:51]  OK — heaviest other-user process: 0.6% by lei (cpptools)
[2026-04-15 11:44:51]  OK — heaviest other-user process: 0.6% by lei (cpptools)
[2026-04-15 11:49:51]  OK — heaviest other-user process: 0.6% by lei (cpptools)
[2026-04-15 11:54:51]  OK — heaviest other-user process: 0.6% by lei (cpptools)
[2026-04-15 11:59:51]  OK — heaviest other-user process: 0.6% by lei (cpptools)
[2026-04-15 12:04:51]  OK — heaviest other-user process: 0.6% by lei (cpptools)
[2026-04-15 12:09:51]  OK — heaviest other-user process: 0.5% by neo4j (java)
[2026-04-15 12:14:51]  OK — heaviest other-user process: 0.5% by neo4j (java)
[2026-04-15 12:19:51]  OK — heaviest other-user process: 0.5% by neo4j (java)
[2026-04-15 12:24:51]  OK — heaviest other-user process: 0.5% by neo4j (java)
[2026-04-15 12:29:51]  OK — heaviest other-user process: 0.5% by neo4j (java)
[2026-04-15 12:34:51]  OK — heaviest other-user process: 0.5% by neo4j (java)
[2026-04-15 12:39:51]  OK — heaviest other-user process: 0.5% by neo4j (java)
[2026-04-15 12:44:51]  OK — heaviest other-user process: 0.5% by neo4j (java)
[2026-04-15 12:49:51]  OK — heaviest other-user process: 0.5% by neo4j (java)
[2026-04-15 12:54:51]  OK — heaviest other-user process: 0.5% by neo4j (java)
[2026-04-15 12:59:51]  OK — heaviest other-user process: 6.6% by lei (node)
[2026-04-15 13:04:52]  OK — heaviest other-user process: 3.4% by lei (cpptools)
[2026-04-15 13:09:52]  OK — heaviest other-user process: 2.1% by lei (node)
[2026-04-15 13:14:52]  OK — heaviest other-user process: 1.6% by lei (node)
[2026-04-15 13:19:52]  OK — heaviest other-user process: 1.3% by lei (node)
[2026-04-15 13:24:52]  OK — heaviest other-user process: 1.0% by lei (node)
[2026-04-15 13:29:52]  OK — heaviest other-user process: 0.9% by lei (node)
[2026-04-15 13:34:52]  OK — heaviest other-user process: 0.8% by lei (node)
[2026-04-15 13:39:52]  OK — heaviest other-user process: 0.7% by lei (node)
[2026-04-15 13:44:52]  OK — heaviest other-user process: 0.6% by lei (node)
[2026-04-15 13:49:52]  OK — heaviest other-user process: 0.6% by lei (node)
[2026-04-15 13:54:52]  OK — heaviest other-user process: 0.6% by lei (node)
[2026-04-15 13:59:52]  OK — heaviest other-user process: 0.5% by neo4j (java)
[2026-04-15 14:04:52]  OK — heaviest other-user process: 0.5% by neo4j (java)
[2026-04-15 14:09:52]  OK — heaviest other-user process: 0.5% by neo4j (java)
[2026-04-15 14:14:52]  OK — heaviest other-user process: 0.5% by neo4j (java)
[2026-04-15 14:19:52]  OK — heaviest other-user process: 0.5% by neo4j (java)
[2026-04-15 14:24:52]  OK — heaviest other-user process: 0.5% by neo4j (java)
[2026-04-15 14:29:52]  OK — heaviest other-user process: 0.5% by neo4j (java)
[2026-04-15 14:34:52]  OK — heaviest other-user process: 0.5% by neo4j (java)
[2026-04-15 14:39:52]  OK — heaviest other-user process: 0.5% by neo4j (java)
[2026-04-15 14:44:52]  OK — heaviest other-user process: 0.5% by neo4j (java)
[2026-04-15 14:49:53]  OK — heaviest other-user process: 0.5% by neo4j (java)
[2026-04-15 14:54:53]  OK — heaviest other-user process: 0.5% by neo4j (java)
[2026-04-15 14:59:53]  OK — heaviest other-user process: 0.5% by neo4j (java)
[2026-04-15 15:04:53]  OK — heaviest other-user process: 0.5% by neo4j (java)
[2026-04-15 15:09:53]  OK — heaviest other-user process: 0.5% by neo4j (java)
[2026-04-15 15:14:53]  OK — heaviest other-user process: 0.5% by neo4j (java)
[2026-04-15 15:19:53]  OK — heaviest other-user process: 0.5% by neo4j (java)
[2026-04-15 15:24:53]  OK — heaviest other-user process: 0.5% by neo4j (java)
[2026-04-15 15:29:53]  OK — heaviest other-user process: 0.5% by neo4j (java)
[2026-04-15 15:34:53]  OK — heaviest other-user process: 0.5% by neo4j (java)
[2026-04-15 15:39:53]  OK — heaviest other-user process: 0.5% by neo4j (java)
[2026-04-15 15:44:53]  OK — heaviest other-user process: 0.5% by neo4j (java)
[2026-04-15 15:49:53]  OK — heaviest other-user process: 0.5% by neo4j (java)
[2026-04-15 15:54:53]  OK — heaviest other-user process: 0.5% by neo4j (java)
[2026-04-15 15:59:53]  OK — heaviest other-user process: 0.5% by neo4j (java)
[2026-04-15 16:04:53]  OK — heaviest other-user process: 0.5% by neo4j (java)
[2026-04-15 16:09:53]  OK — heaviest other-user process: 0.5% by neo4j (java)
[2026-04-15 16:14:53]  OK — heaviest other-user process: 0.5% by neo4j (java)
[2026-04-15 16:19:53]  OK — heaviest other-user process: 0.5% by neo4j (java)
[2026-04-15 16:24:53]  OK — heaviest other-user process: 0.5% by neo4j (java)
[2026-04-15 16:29:53]  OK — heaviest other-user process: 0.5% by neo4j (java)
[2026-04-15 16:34:53]  OK — heaviest other-user process: 0.5% by neo4j (java)
[2026-04-15 16:39:54]  OK — heaviest other-user process: 0.5% by neo4j (java)
[2026-04-15 16:44:54]  OK — heaviest other-user process: 0.5% by neo4j (java)
[2026-04-15 16:49:54]  OK — heaviest other-user process: 0.5% by neo4j (java)
[2026-04-15 16:54:54]  OK — heaviest other-user process: 0.5% by neo4j (java)
[2026-04-15 16:59:54]  OK — heaviest other-user process: 0.5% by neo4j (java)
[2026-04-15 17:04:54]  OK — heaviest other-user process: 0.5% by neo4j (java)
[2026-04-15 17:09:54]  OK — heaviest other-user process: 0.5% by neo4j (java)
[2026-04-15 17:14:54]  OK — heaviest other-user process: 115% by lei (node)
[2026-04-15 17:19:54]  OK — heaviest other-user process: 8.9% by lei (cpptools)
[2026-04-15 17:24:54]  OK — heaviest other-user process: 4.4% by lei (cpptools)
[2026-04-15 17:29:54]  OK — heaviest other-user process: 2.9% by lei (cpptools)
[2026-04-15 17:34:54]  OK — heaviest other-user process: 2.7% by lei (cpptools)
[2026-04-15 17:39:54]  OK — heaviest other-user process: 2.2% by lei (cpptools)
[2026-04-15 17:44:54]  OK — heaviest other-user process: 2.4% by lei (cpptools)
[2026-04-15 17:49:54]  OK — heaviest other-user process: 2.1% by lei (cpptools)
[2026-04-15 17:54:54]  OK — heaviest other-user process: 1.8% by lei (cpptools)
[2026-04-15 17:59:54]  OK — heaviest other-user process: 1.8% by lei (cpptools)
[2026-04-15 18:04:54]  OK — heaviest other-user process: 1.9% by lei (cpptools)
[2026-04-15 18:09:54]  OK — heaviest other-user process: 1.7% by lei (cpptools)
[2026-04-15 18:14:54]  OK — heaviest other-user process: 1.6% by lei (cpptools)
[2026-04-15 18:19:54]  OK — heaviest other-user process: 1.5% by lei (cpptools)
[2026-04-15 18:24:54]  OK — heaviest other-user process: 1.4% by lei (cpptools)
[2026-04-15 18:29:55]  OK — heaviest other-user process: 1.3% by lei (cpptools)
[2026-04-15 18:34:55]  OK — heaviest other-user process: 1.2% by lei (cpptools)
[2026-04-15 18:39:55]  OK — heaviest other-user process: 1.1% by lei (cpptools)
[2026-04-15 18:44:55]  OK — heaviest other-user process: 1.0% by lei (node)
[2026-04-15 18:49:55]  OK — heaviest other-user process: 1.0% by lei (cpptools)
[2026-04-15 18:54:55]  OK — heaviest other-user process: 0.9% by lei (node)
[2026-04-15 18:59:55]  OK — heaviest other-user process: 0.9% by lei (node)
[2026-04-15 19:04:55]  OK — heaviest other-user process: 0.9% by lei (cpptools)
[2026-04-15 19:09:55]  OK — heaviest other-user process: 0.8% by lei (node)
[2026-04-15 19:14:55]  OK — heaviest other-user process: 0.8% by lei (node)
[2026-04-15 19:19:55]  OK — heaviest other-user process: 0.7% by lei (node)
[2026-04-15 19:24:55]  OK — heaviest other-user process: 0.7% by lei (node)
