nohup: ignoring input
[1/5] Reading edges from : datasets/web-Google.txt/web-Google.txt
      Edges loaded       : 5,105,039  (directed, as-is)
[2/5] Building adjacency list …
      Unique source nodes: 739,454
[3/5] Streaming raw triples to disk …
  Generating triples and streaming to temp file …
    … 5,000,000 raw triples written
    … 10,000,000 raw triples written
    … 15,000,000 raw triples written
    … 20,000,000 raw triples written
    … 25,000,000 raw triples written
    … 30,000,000 raw triples written
    … 35,000,000 raw triples written
    … 40,000,000 raw triples written
    … 45,000,000 raw triples written
    … 50,000,000 raw triples written
    … 55,000,000 raw triples written
    … 60,000,000 raw triples written
  Raw triples written : 60,687,836
[4/5] External sort + dedup …
  Sorting and deduplicating with Unix sort …
  (sort temp dir: /home/proteetiwsl/thesis/RSMI/datasets)
  Sort complete.
[5/5] Assigning offsets …
  Assigning offsets and writing output …
    … 5,000,000 unique triples written
    … 10,000,000 unique triples written
    … 15,000,000 unique triples written
    … 20,000,000 unique triples written
    … 25,000,000 unique triples written
    … 30,000,000 unique triples written
    … 35,000,000 unique triples written
    … 40,000,000 unique triples written
    … 45,000,000 unique triples written
    … 50,000,000 unique triples written
    … 55,000,000 unique triples written
    … 60,000,000 unique triples written
  Validating output (streaming) …
  Validation PASSED (first 100k rows checked).

================================================================
  Graph mode          : DIRECTED (as-is)
  Input edges         : 5,105,039  (original)
  Raw path triples    : 60,687,836  (before dedup)
  Unique triples      : 60,687,836
  Output file         : datasets/web_google_triples.txt
================================================================

  *** NOTE: 60,687,836 triples is large (>10M).
      RSMI build will be slow. Consider using --limit.

  Scalability support:
       1,000,000 tuples  →  YES
       2,500,000 tuples  →  YES
            FULL           →  YES  (60,687,836 tuples)

  First 5 rows (SourceID Hop1_ID Hop2_ID Offset):
           0     11342         0           0
           0     11342     27469           1
           0     11342     38716           2
           0     11342    309564           3
           0     11342    322178           4

  Last 5 rows:
      916427    843844    916427    60687831
      916427    910217     18288    60687832
      916427    910217    112594    60687833
      916427    910217    346602    60687834
      916427    910217    693825    60687835

  Offset range : 0 .. 60,687,835
