[1/4] Generating 70,000,000 raw log-normal samples …
  Parameters : mu=0.0, sigma=1.0, seed=42, SCALE=100,000
  Chunks of 5,000,000 rows  →  70,000,000 total samples
    … 5,000,000 raw samples written  (17s elapsed)
    … 10,000,000 raw samples written  (34s elapsed)
    … 15,000,000 raw samples written  (51s elapsed)
    … 20,000,000 raw samples written  (68s elapsed)
    … 25,000,000 raw samples written  (85s elapsed)
    … 30,000,000 raw samples written  (103s elapsed)
    … 35,000,000 raw samples written  (120s elapsed)
    … 40,000,000 raw samples written  (137s elapsed)
    … 45,000,000 raw samples written  (154s elapsed)
    … 50,000,000 raw samples written  (171s elapsed)
    … 55,000,000 raw samples written  (189s elapsed)
    … 60,000,000 raw samples written  (206s elapsed)
    … 65,000,000 raw samples written  (223s elapsed)
    … 70,000,000 raw samples written  (240s elapsed)
  Raw file complete: 70,000,000 rows  →  /home/proteeti/RSMI/datasets/_tmp_lognormal_raw.txt
[2/4] External sort + dedup …
  Sorting + deduplicating  (sort temp dir: /home/proteeti/RSMI/datasets) …
  Sort complete.
[3/4] Assigning offsets …
  Assigning offsets  →  datasets/lognormal_triples.txt …
    … 5,000,000 unique triples written
    … 10,000,000 unique triples written
    … 15,000,000 unique triples written
    … 20,000,000 unique triples written
    … 25,000,000 unique triples written
    … 30,000,000 unique triples written
    … 35,000,000 unique triples written
    … 40,000,000 unique triples written
    … 45,000,000 unique triples written
    … 50,000,000 unique triples written
    … 55,000,000 unique triples written
    … 60,000,000 unique triples written
    … 65,000,000 unique triples written
  Offset assignment done: 69,999,999 unique triples.
[4/4] Validating output …
  Validating first 100,000 rows …
  Validation PASSED.

Dataset generated in 377.4s

================================================================
  Distribution        : log-normal(mu=0.0, sigma=1.0)
  Random seed         : 42
  Scale factor        : 100,000
  Raw samples drawn   : 70,000,000
  Unique triples      : 69,999,999
  Output file         : datasets/lognormal_triples.txt
================================================================

  Scalability support:
       1,000,000 tuples  →  YES
      10,000,000 tuples  →  YES
      30,000,000 tuples  →  YES
      60,000,000 tuples  →  YES
            FULL           →  YES  (69,999,999 unique triples)

  First 5 rows (SourceID Hop1_ID Hop2_ID Offset):
           361      301263      208305             0
           377       25852       89697             1
           506       83205       87582             2
           540       65539       57678             3
           552      148867      357624             4

  Last 5 rows:
      21397782       62998       31126      69999994
      23742016       86383      279118      69999995
      24319727      252929      311025      69999996
      24787493       40988       61721      69999997
      30050783      139932       53275      69999998

  Offset range : 0 .. 69,999,998
================================================================

